mode: set
github.com/edgexfoundry/device-mqtt-go/internal/driver/config.go:50.78,53.16 3 1
github.com/edgexfoundry/device-mqtt-go/internal/driver/config.go:56.2,56.20 1 1
github.com/edgexfoundry/device-mqtt-go/internal/driver/config.go:53.16,55.3 1 1
github.com/edgexfoundry/device-mqtt-go/internal/driver/config.go:60.100,63.9 3 1
github.com/edgexfoundry/device-mqtt-go/internal/driver/config.go:67.2,68.16 2 1
github.com/edgexfoundry/device-mqtt-go/internal/driver/config.go:71.2,71.18 1 1
github.com/edgexfoundry/device-mqtt-go/internal/driver/config.go:63.9,65.3 1 0
github.com/edgexfoundry/device-mqtt-go/internal/driver/config.go:68.16,70.3 1 1
github.com/edgexfoundry/device-mqtt-go/internal/driver/config.go:75.60,78.38 3 1
github.com/edgexfoundry/device-mqtt-go/internal/driver/config.go:100.2,100.12 1 1
github.com/edgexfoundry/device-mqtt-go/internal/driver/config.go:78.38,83.10 4 1
github.com/edgexfoundry/device-mqtt-go/internal/driver/config.go:87.3,87.28 1 1
github.com/edgexfoundry/device-mqtt-go/internal/driver/config.go:83.10,85.4 1 1
github.com/edgexfoundry/device-mqtt-go/internal/driver/config.go:88.20,90.18 2 1
github.com/edgexfoundry/device-mqtt-go/internal/driver/config.go:93.4,93.36 1 1
github.com/edgexfoundry/device-mqtt-go/internal/driver/config.go:94.23,95.29 1 1
github.com/edgexfoundry/device-mqtt-go/internal/driver/config.go:96.11,97.92 1 0
github.com/edgexfoundry/device-mqtt-go/internal/driver/config.go:90.18,92.5 1 0
github.com/edgexfoundry/device-mqtt-go/internal/driver/driver.go:53.50,54.17 1 0
github.com/edgexfoundry/device-mqtt-go/internal/driver/driver.go:57.2,57.15 1 0
github.com/edgexfoundry/device-mqtt-go/internal/driver/driver.go:54.17,56.3 1 0
github.com/edgexfoundry/device-mqtt-go/internal/driver/driver.go:60.98,65.16 4 0
github.com/edgexfoundry/device-mqtt-go/internal/driver/driver.go:68.2,70.12 2 0
github.com/edgexfoundry/device-mqtt-go/internal/driver/driver.go:77.2,77.12 1 0
github.com/edgexfoundry/device-mqtt-go/internal/driver/driver.go:84.2,84.12 1 0
github.com/edgexfoundry/device-mqtt-go/internal/driver/driver.go:65.16,66.70 1 0
github.com/edgexfoundry/device-mqtt-go/internal/driver/driver.go:70.12,72.17 2 0
github.com/edgexfoundry/device-mqtt-go/internal/driver/driver.go:72.17,73.119 1 0
github.com/edgexfoundry/device-mqtt-go/internal/driver/driver.go:77.12,79.17 2 0
github.com/edgexfoundry/device-mqtt-go/internal/driver/driver.go:79.17,80.116 1 0
github.com/edgexfoundry/device-mqtt-go/internal/driver/driver.go:87.108,90.2 2 0
github.com/edgexfoundry/device-mqtt-go/internal/driver/driver.go:92.170,98.16 4 0
github.com/edgexfoundry/device-mqtt-go/internal/driver/driver.go:102.2,109.16 3 0
github.com/edgexfoundry/device-mqtt-go/internal/driver/driver.go:113.2,113.15 1 0
github.com/edgexfoundry/device-mqtt-go/internal/driver/driver.go:119.2,119.27 1 0
github.com/edgexfoundry/device-mqtt-go/internal/driver/driver.go:129.2,129.23 1 0
github.com/edgexfoundry/device-mqtt-go/internal/driver/driver.go:98.16,100.3 1 0
github.com/edgexfoundry/device-mqtt-go/internal/driver/driver.go:109.16,111.3 1 0
github.com/edgexfoundry/device-mqtt-go/internal/driver/driver.go:113.15,114.27 1 0
github.com/edgexfoundry/device-mqtt-go/internal/driver/driver.go:114.27,116.4 1 0
github.com/edgexfoundry/device-mqtt-go/internal/driver/driver.go:119.27,121.17 2 0
github.com/edgexfoundry/device-mqtt-go/internal/driver/driver.go:126.3,126.21 1 0
github.com/edgexfoundry/device-mqtt-go/internal/driver/driver.go:121.17,124.4 2 0
github.com/edgexfoundry/device-mqtt-go/internal/driver/driver.go:132.144,148.16 13 0
github.com/edgexfoundry/device-mqtt-go/internal/driver/driver.go:152.2,158.9 4 0
github.com/edgexfoundry/device-mqtt-go/internal/driver/driver.go:163.2,168.9 5 0
github.com/edgexfoundry/device-mqtt-go/internal/driver/driver.go:173.2,174.16 2 0
github.com/edgexfoundry/device-mqtt-go/internal/driver/driver.go:180.2,180.20 1 0
github.com/edgexfoundry/device-mqtt-go/internal/driver/driver.go:148.16,150.3 1 0
github.com/edgexfoundry/device-mqtt-go/internal/driver/driver.go:158.9,161.3 2 0
github.com/edgexfoundry/device-mqtt-go/internal/driver/driver.go:168.9,171.3 2 0
github.com/edgexfoundry/device-mqtt-go/internal/driver/driver.go:174.16,176.3 1 0
github.com/edgexfoundry/device-mqtt-go/internal/driver/driver.go:176.8,178.3 1 0
github.com/edgexfoundry/device-mqtt-go/internal/driver/driver.go:183.176,188.16 3 0
github.com/edgexfoundry/device-mqtt-go/internal/driver/driver.go:192.2,199.16 3 0
github.com/edgexfoundry/device-mqtt-go/internal/driver/driver.go:202.2,202.15 1 0
github.com/edgexfoundry/device-mqtt-go/internal/driver/driver.go:208.2,208.27 1 0
github.com/edgexfoundry/device-mqtt-go/internal/driver/driver.go:216.2,216.12 1 0
github.com/edgexfoundry/device-mqtt-go/internal/driver/driver.go:188.16,190.3 1 0
github.com/edgexfoundry/device-mqtt-go/internal/driver/driver.go:199.16,201.3 1 0
github.com/edgexfoundry/device-mqtt-go/internal/driver/driver.go:202.15,203.27 1 0
github.com/edgexfoundry/device-mqtt-go/internal/driver/driver.go:203.27,205.4 1 0
github.com/edgexfoundry/device-mqtt-go/internal/driver/driver.go:208.27,210.17 2 0
github.com/edgexfoundry/device-mqtt-go/internal/driver/driver.go:210.17,213.4 2 0
github.com/edgexfoundry/device-mqtt-go/internal/driver/driver.go:219.149,234.16 12 0
github.com/edgexfoundry/device-mqtt-go/internal/driver/driver.go:240.2,241.16 2 0
github.com/edgexfoundry/device-mqtt-go/internal/driver/driver.go:245.2,252.25 5 0
github.com/edgexfoundry/device-mqtt-go/internal/driver/driver.go:262.2,262.9 1 0
github.com/edgexfoundry/device-mqtt-go/internal/driver/driver.go:267.2,269.12 2 0
github.com/edgexfoundry/device-mqtt-go/internal/driver/driver.go:234.16,236.3 1 0
github.com/edgexfoundry/device-mqtt-go/internal/driver/driver.go:236.8,238.3 1 0
github.com/edgexfoundry/device-mqtt-go/internal/driver/driver.go:241.16,243.3 1 0
github.com/edgexfoundry/device-mqtt-go/internal/driver/driver.go:252.25,254.9 2 0
github.com/edgexfoundry/device-mqtt-go/internal/driver/driver.go:254.9,256.9 2 0
github.com/edgexfoundry/device-mqtt-go/internal/driver/driver.go:257.9,259.4 1 0
github.com/edgexfoundry/device-mqtt-go/internal/driver/driver.go:262.9,265.3 2 0
github.com/edgexfoundry/device-mqtt-go/internal/driver/driver.go:272.41,275.2 2 0
github.com/edgexfoundry/device-mqtt-go/internal/driver/driver.go:278.86,287.66 9 0
github.com/edgexfoundry/device-mqtt-go/internal/driver/driver.go:297.2,299.42 3 0
github.com/edgexfoundry/device-mqtt-go/internal/driver/driver.go:303.2,303.20 1 0
github.com/edgexfoundry/device-mqtt-go/internal/driver/driver.go:287.66,290.43 3 0
github.com/edgexfoundry/device-mqtt-go/internal/driver/driver.go:290.43,292.4 1 0
github.com/edgexfoundry/device-mqtt-go/internal/driver/driver.go:292.9,294.4 1 0
github.com/edgexfoundry/device-mqtt-go/internal/driver/driver.go:299.42,301.3 1 0
github.com/edgexfoundry/device-mqtt-go/internal/driver/driver.go:306.98,312.43 5 1
github.com/edgexfoundry/device-mqtt-go/internal/driver/driver.go:318.2,318.18 1 1
github.com/edgexfoundry/device-mqtt-go/internal/driver/driver.go:395.2,395.20 1 1
github.com/edgexfoundry/device-mqtt-go/internal/driver/driver.go:312.43,316.3 3 1
github.com/edgexfoundry/device-mqtt-go/internal/driver/driver.go:319.21,321.17 2 1
github.com/edgexfoundry/device-mqtt-go/internal/driver/driver.go:324.3,324.76 1 1
github.com/edgexfoundry/device-mqtt-go/internal/driver/driver.go:325.23,327.17 2 1
github.com/edgexfoundry/device-mqtt-go/internal/driver/driver.go:330.3,330.73 1 1
github.com/edgexfoundry/device-mqtt-go/internal/driver/driver.go:331.22,333.17 2 1
github.com/edgexfoundry/device-mqtt-go/internal/driver/driver.go:336.3,336.77 1 1
github.com/edgexfoundry/device-mqtt-go/internal/driver/driver.go:337.23,339.17 2 1
github.com/edgexfoundry/device-mqtt-go/internal/driver/driver.go:342.3,342.78 1 1
github.com/edgexfoundry/device-mqtt-go/internal/driver/driver.go:343.23,345.17 2 1
github.com/edgexfoundry/device-mqtt-go/internal/driver/driver.go:348.3,348.78 1 1
github.com/edgexfoundry/device-mqtt-go/internal/driver/driver.go:349.23,351.17 2 1
github.com/edgexfoundry/device-mqtt-go/internal/driver/driver.go:354.3,354.78 1 1
github.com/edgexfoundry/device-mqtt-go/internal/driver/driver.go:355.21,357.17 2 1
github.com/edgexfoundry/device-mqtt-go/internal/driver/driver.go:360.3,360.76 1 1
github.com/edgexfoundry/device-mqtt-go/internal/driver/driver.go:361.22,363.17 2 1
github.com/edgexfoundry/device-mqtt-go/internal/driver/driver.go:366.3,366.77 1 1
github.com/edgexfoundry/device-mqtt-go/internal/driver/driver.go:367.22,369.17 2 1
github.com/edgexfoundry/device-mqtt-go/internal/driver/driver.go:372.3,372.77 1 1
github.com/edgexfoundry/device-mqtt-go/internal/driver/driver.go:373.22,375.17 2 1
github.com/edgexfoundry/device-mqtt-go/internal/driver/driver.go:378.3,378.77 1 1
github.com/edgexfoundry/device-mqtt-go/internal/driver/driver.go:379.24,381.17 2 1
github.com/edgexfoundry/device-mqtt-go/internal/driver/driver.go:384.3,384.79 1 1
github.com/edgexfoundry/device-mqtt-go/internal/driver/driver.go:385.24,387.17 2 1
github.com/edgexfoundry/device-mqtt-go/internal/driver/driver.go:390.3,390.79 1 1
github.com/edgexfoundry/device-mqtt-go/internal/driver/driver.go:391.10,392.82 1 0
github.com/edgexfoundry/device-mqtt-go/internal/driver/driver.go:321.17,323.4 1 0
github.com/edgexfoundry/device-mqtt-go/internal/driver/driver.go:327.17,329.4 1 0
github.com/edgexfoundry/device-mqtt-go/internal/driver/driver.go:333.17,335.4 1 0
github.com/edgexfoundry/device-mqtt-go/internal/driver/driver.go:339.17,341.4 1 0
github.com/edgexfoundry/device-mqtt-go/internal/driver/driver.go:345.17,347.4 1 0
github.com/edgexfoundry/device-mqtt-go/internal/driver/driver.go:351.17,353.4 1 0
github.com/edgexfoundry/device-mqtt-go/internal/driver/driver.go:357.17,359.4 1 0
github.com/edgexfoundry/device-mqtt-go/internal/driver/driver.go:363.17,365.4 1 0
github.com/edgexfoundry/device-mqtt-go/internal/driver/driver.go:369.17,371.4 1 0
github.com/edgexfoundry/device-mqtt-go/internal/driver/driver.go:375.17,377.4 1 0
github.com/edgexfoundry/device-mqtt-go/internal/driver/driver.go:381.17,383.4 1 0
github.com/edgexfoundry/device-mqtt-go/internal/driver/driver.go:387.17,389.4 1 0
github.com/edgexfoundry/device-mqtt-go/internal/driver/driver.go:398.103,401.19 3 0
github.com/edgexfoundry/device-mqtt-go/internal/driver/driver.go:430.2,430.26 1 0
github.com/edgexfoundry/device-mqtt-go/internal/driver/driver.go:402.21,403.40 1 0
github.com/edgexfoundry/device-mqtt-go/internal/driver/driver.go:404.23,405.42 1 0
github.com/edgexfoundry/device-mqtt-go/internal/driver/driver.go:406.22,407.41 1 0
github.com/edgexfoundry/device-mqtt-go/internal/driver/driver.go:408.23,409.42 1 0
github.com/edgexfoundry/device-mqtt-go/internal/driver/driver.go:410.23,411.42 1 0
github.com/edgexfoundry/device-mqtt-go/internal/driver/driver.go:412.23,413.42 1 0
github.com/edgexfoundry/device-mqtt-go/internal/driver/driver.go:414.21,415.40 1 0
github.com/edgexfoundry/device-mqtt-go/internal/driver/driver.go:416.22,417.41 1 0
github.com/edgexfoundry/device-mqtt-go/internal/driver/driver.go:418.22,419.41 1 0
github.com/edgexfoundry/device-mqtt-go/internal/driver/driver.go:420.22,421.41 1 0
github.com/edgexfoundry/device-mqtt-go/internal/driver/driver.go:422.24,423.43 1 0
github.com/edgexfoundry/device-mqtt-go/internal/driver/driver.go:424.24,425.43 1 0
github.com/edgexfoundry/device-mqtt-go/internal/driver/driver.go:426.10,427.86 1 0
github.com/edgexfoundry/device-mqtt-go/internal/driver/driver.go:434.70,437.25 3 0
github.com/edgexfoundry/device-mqtt-go/internal/driver/driver.go:447.2,447.43 1 0
github.com/edgexfoundry/device-mqtt-go/internal/driver/driver.go:437.25,439.9 2 0
github.com/edgexfoundry/device-mqtt-go/internal/driver/driver.go:439.9,441.9 2 0
github.com/edgexfoundry/device-mqtt-go/internal/driver/driver.go:442.9,444.4 1 0
github.com/edgexfoundry/device-mqtt-go/internal/driver/driver.go:450.131,453.2 2 0
github.com/edgexfoundry/device-mqtt-go/internal/driver/driver.go:455.134,458.2 2 0
github.com/edgexfoundry/device-mqtt-go/internal/driver/driver.go:460.104,463.2 2 0
github.com/edgexfoundry/device-mqtt-go/internal/driver/incominglistener.go:20.37,38.16 12 0
github.com/edgexfoundry/device-mqtt-go/internal/driver/incominglistener.go:42.2,42.15 1 0
github.com/edgexfoundry/device-mqtt-go/internal/driver/incominglistener.go:48.2,49.42 2 0
github.com/edgexfoundry/device-mqtt-go/internal/driver/incominglistener.go:54.2,55.9 2 0
github.com/edgexfoundry/device-mqtt-go/internal/driver/incominglistener.go:38.16,40.3 1 0
github.com/edgexfoundry/device-mqtt-go/internal/driver/incominglistener.go:42.15,43.27 1 0
github.com/edgexfoundry/device-mqtt-go/internal/driver/incominglistener.go:43.27,45.4 1 0
github.com/edgexfoundry/device-mqtt-go/internal/driver/incominglistener.go:49.42,52.3 2 0
github.com/edgexfoundry/device-mqtt-go/internal/driver/incominglistener.go:58.71,62.71 3 0
github.com/edgexfoundry/device-mqtt-go/internal/driver/incominglistener.go:66.2,70.9 4 0
github.com/edgexfoundry/device-mqtt-go/internal/driver/incominglistener.go:75.2,78.9 3 0
github.com/edgexfoundry/device-mqtt-go/internal/driver/incominglistener.go:83.2,90.16 3 0
github.com/edgexfoundry/device-mqtt-go/internal/driver/incominglistener.go:95.2,102.31 3 0
github.com/edgexfoundry/device-mqtt-go/internal/driver/incominglistener.go:62.71,64.3 1 0
github.com/edgexfoundry/device-mqtt-go/internal/driver/incominglistener.go:70.9,73.3 2 0
github.com/edgexfoundry/device-mqtt-go/internal/driver/incominglistener.go:78.9,81.3 2 0
github.com/edgexfoundry/device-mqtt-go/internal/driver/incominglistener.go:90.16,93.3 2 0
github.com/edgexfoundry/device-mqtt-go/internal/driver/incominglistener.go:106.69,108.9 2 0
github.com/edgexfoundry/device-mqtt-go/internal/driver/incominglistener.go:113.2,113.20 1 0
github.com/edgexfoundry/device-mqtt-go/internal/driver/incominglistener.go:108.9,111.3 2 0
github.com/edgexfoundry/device-mqtt-go/internal/driver/incominglistener.go:114.14,115.14 1 0
github.com/edgexfoundry/device-mqtt-go/internal/driver/incominglistener.go:116.10,118.15 2 0
github.com/edgexfoundry/device-mqtt-go/internal/driver/readingchecker.go:17.80,20.64 2 1
github.com/edgexfoundry/device-mqtt-go/internal/driver/readingchecker.go:24.2,25.62 1 1
github.com/edgexfoundry/device-mqtt-go/internal/driver/readingchecker.go:30.2,31.64 1 1
github.com/edgexfoundry/device-mqtt-go/internal/driver/readingchecker.go:36.2,36.68 1 1
github.com/edgexfoundry/device-mqtt-go/internal/driver/readingchecker.go:41.2,41.16 1 1
github.com/edgexfoundry/device-mqtt-go/internal/driver/readingchecker.go:20.64,22.3 1 1
github.com/edgexfoundry/device-mqtt-go/internal/driver/readingchecker.go:25.62,28.3 2 1
github.com/edgexfoundry/device-mqtt-go/internal/driver/readingchecker.go:31.64,34.3 2 1
github.com/edgexfoundry/device-mqtt-go/internal/driver/readingchecker.go:36.68,39.3 2 1
github.com/edgexfoundry/device-mqtt-go/internal/driver/readingchecker.go:44.73,46.19 2 1
github.com/edgexfoundry/device-mqtt-go/internal/driver/readingchecker.go:65.2,65.16 1 1
github.com/edgexfoundry/device-mqtt-go/internal/driver/readingchecker.go:47.22,48.39 1 1
github.com/edgexfoundry/device-mqtt-go/internal/driver/readingchecker.go:51.23,52.40 1 1
github.com/edgexfoundry/device-mqtt-go/internal/driver/readingchecker.go:55.23,56.40 1 1
github.com/edgexfoundry/device-mqtt-go/internal/driver/readingchecker.go:59.23,61.33 2 1
github.com/edgexfoundry/device-mqtt-go/internal/driver/readingchecker.go:48.39,50.4 1 1
github.com/edgexfoundry/device-mqtt-go/internal/driver/readingchecker.go:52.40,54.4 1 1
github.com/edgexfoundry/device-mqtt-go/internal/driver/readingchecker.go:56.40,58.4 1 1
github.com/edgexfoundry/device-mqtt-go/internal/driver/readingchecker.go:61.33,63.4 1 1
github.com/edgexfoundry/device-mqtt-go/internal/driver/readingchecker.go:68.71,70.19 2 1
github.com/edgexfoundry/device-mqtt-go/internal/driver/readingchecker.go:88.2,88.16 1 1
github.com/edgexfoundry/device-mqtt-go/internal/driver/readingchecker.go:71.21,72.49 1 1
github.com/edgexfoundry/device-mqtt-go/internal/driver/readingchecker.go:75.22,76.51 1 1
github.com/edgexfoundry/device-mqtt-go/internal/driver/readingchecker.go:79.22,80.51 1 1
github.com/edgexfoundry/device-mqtt-go/internal/driver/readingchecker.go:83.22,84.51 1 1
github.com/edgexfoundry/device-mqtt-go/internal/driver/readingchecker.go:72.49,74.4 1 1
github.com/edgexfoundry/device-mqtt-go/internal/driver/readingchecker.go:76.51,78.4 1 1
github.com/edgexfoundry/device-mqtt-go/internal/driver/readingchecker.go:80.51,82.4 1 1
github.com/edgexfoundry/device-mqtt-go/internal/driver/readingchecker.go:84.51,86.4 1 1
github.com/edgexfoundry/device-mqtt-go/internal/driver/readingchecker.go:91.75,93.19 2 1
github.com/edgexfoundry/device-mqtt-go/internal/driver/readingchecker.go:103.2,103.16 1 1
github.com/edgexfoundry/device-mqtt-go/internal/driver/readingchecker.go:94.24,95.87 1 1
github.com/edgexfoundry/device-mqtt-go/internal/driver/readingchecker.go:98.24,99.87 1 1
github.com/edgexfoundry/device-mqtt-go/internal/driver/readingchecker.go:95.87,97.4 1 1
github.com/edgexfoundry/device-mqtt-go/internal/driver/readingchecker.go:99.87,101.4 1 1
github.com/edgexfoundry/device-mqtt-go/internal/driver/responselistener.go:18.44,36.16 12 0
github.com/edgexfoundry/device-mqtt-go/internal/driver/responselistener.go:40.2,40.15 1 0
github.com/edgexfoundry/device-mqtt-go/internal/driver/responselistener.go:46.2,47.42 2 0
github.com/edgexfoundry/device-mqtt-go/internal/driver/responselistener.go:52.2,53.9 2 0
github.com/edgexfoundry/device-mqtt-go/internal/driver/responselistener.go:36.16,38.3 1 0
github.com/edgexfoundry/device-mqtt-go/internal/driver/responselistener.go:40.15,41.27 1 0
github.com/edgexfoundry/device-mqtt-go/internal/driver/responselistener.go:41.27,43.4 1 0
github.com/edgexfoundry/device-mqtt-go/internal/driver/responselistener.go:47.42,50.3 2 0
github.com/edgexfoundry/device-mqtt-go/internal/driver/responselistener.go:56.74,61.8 4 0
github.com/edgexfoundry/device-mqtt-go/internal/driver/responselistener.go:61.8,64.3 2 0
github.com/edgexfoundry/device-mqtt-go/internal/driver/responselistener.go:64.8,66.3 1 0
